objc[17028]: Class AXEmojiUtilities is implemented in both /Applications/Xcode.app/Contents/Developer/Platforms/iPhoneSimulator.platform/Developer/SDKs/iPhoneSimulator7.1.sdk/System/Library/PrivateFrameworks/AccessibilityUtilities.framework/AccessibilityUtilities and /Applications/Xcode.app/Contents/Developer/Platforms/iPhoneSimulator.platform/Developer/SDKs/iPhoneSimulator7.1.sdk/usr/lib/libAXSpeechManager.dylib. One of the two will be used. Which one is undefined.
2014-09-10 14:11:07.256 TestApp[17028:70b] Cannot find executable for CFBundle 0xa590a10 </Applications/Xcode.app/Contents/Developer/Platforms/iPhoneSimulator.platform/Developer/SDKs/iPhoneSimulator7.1.sdk/System/Library/AccessibilityBundles/CertUIFramework.axbundle> (not loaded)
2014-09-10 14:11:07.261 TestApp[17028:70b] Cannot find executable for CFBundle 0xa386a70 </Applications/Xcode.app/Contents/Developer/Platforms/iPhoneSimulator.platform/Developer/SDKs/iPhoneSimulator7.1.sdk/System/Library/AccessibilityBundles/GeoServices.axbundle> (not loaded)
2014-09-10 14:11:08.334 TestApp[17028:70b] Multi-tasking -> Device: YES, App: YES
2014-09-10 14:11:08.418 TestApp[17028:70b] Unlimited access to network resources
2014-09-10 14:11:08.522 TestApp[17028:70b] 

Started backup to iCloud! Please be careful.
Your application might rejected by Apple if you store too much data.
For more information please read "iOS Data Storage Guidelines"
You could find it at the following address https://developer.apple.com/icloud/documentation/data-storage/ .

2014-09-10 14:11:11.755 TestApp[17028:70b] Resetting plugins due to page load.
2014-09-10 14:11:16.973 TestApp[17028:70b] Finished load of: file:///Users/michael/Library/Application%20Support/iPhone%20Simulator/7.1/Applications/AA0AFF96-0F7A-407B-A7C9-FD5D784EB11F/TestApp.app/www/index.html#/overview
objc[17984]: Class AXEmojiUtilities is implemented in both /Applications/Xcode.app/Contents/Developer/Platforms/iPhoneSimulator.platform/Developer/SDKs/iPhoneSimulator7.1.sdk/System/Library/PrivateFrameworks/AccessibilityUtilities.framework/AccessibilityUtilities and /Applications/Xcode.app/Contents/Developer/Platforms/iPhoneSimulator.platform/Developer/SDKs/iPhoneSimulator7.1.sdk/usr/lib/libAXSpeechManager.dylib. One of the two will be used. Which one is undefined.
2014-09-10 14:24:45.804 PG12[17984:70b] Cannot find executable for CFBundle 0xa728a20 </Applications/Xcode.app/Contents/Developer/Platforms/iPhoneSimulator.platform/Developer/SDKs/iPhoneSimulator7.1.sdk/System/Library/AccessibilityBundles/GeoServices.axbundle> (not loaded)
2014-09-10 14:24:45.835 PG12[17984:70b] Cannot find executable for CFBundle 0xa334720 </Applications/Xcode.app/Contents/Developer/Platforms/iPhoneSimulator.platform/Developer/SDKs/iPhoneSimulator7.1.sdk/System/Library/AccessibilityBundles/CertUIFramework.axbundle> (not loaded)
2014-09-10 14:24:46.112 PG12[17984:70b] Multi-tasking -> Device: YES, App: YES
2014-09-10 14:24:46.119 PG12[17984:70b] Unlimited access to network resources
2014-09-10 14:24:46.121 PG12[17984:70b] 

Started backup to iCloud! Please be careful.
Your application might rejected by Apple if you store too much data.
For more information please read "iOS Data Storage Guidelines"
You could find it at the following address https://developer.apple.com/icloud/documentation/data-storage/ .

2014-09-10 14:24:46.137 PG12[17984:70b] CDVPlugin class CDVFile (pluginName: file) does not exist.
2014-09-10 14:24:46.138 PG12[17984:70b] [CDVTimer][file] 0.508964ms
2014-09-10 14:24:46.138 PG12[17984:70b] [CDVTimer][TotalPluginStartup] 0.885010ms
2014-09-10 14:24:46.973 PG12[17984:70b] Resetting plugins due to page load.
2014-09-10 14:24:47.470 PG12[17984:70b] Finished load of: file:///Users/michael/Library/Application%20Support/iPhone%20Simulator/7.1/Applications/D7951997-5FC0-4E58-8071-9BA494B459AE/PG12.app/www/index.html#/overview
2014-09-10 14:24:47.538 PG12[17984:70b] CDVPlugin class CDVFile (pluginName: File) does not exist.
2014-09-10 14:24:47.538 PG12[17984:70b] ERROR: Plugin 'File' not found, or is not a CDVPlugin. Check your plugin mapping in config.xml.
2014-09-10 14:24:47.538 PG12[17984:70b] -[CDVCommandQueue executePending] [Line 158] FAILED pluginJSON = [
  "File831133782",
  "File",
  "requestAllPaths",
  [

  ]
]
objc[36799]: Class AXEmojiUtilities is implemented in both /Applications/Xcode.app/Contents/Developer/Platforms/iPhoneSimulator.platform/Developer/SDKs/iPhoneSimulator7.1.sdk/System/Library/PrivateFrameworks/AccessibilityUtilities.framework/AccessibilityUtilities and /Applications/Xcode.app/Contents/Developer/Platforms/iPhoneSimulator.platform/Developer/SDKs/iPhoneSimulator7.1.sdk/usr/lib/libAXSpeechManager.dylib. One of the two will be used. Which one is undefined.
2014-09-12 10:09:56.144 PG12[36799:70b] Cannot find executable for CFBundle 0xa625a20 </Applications/Xcode.app/Contents/Developer/Platforms/iPhoneSimulator.platform/Developer/SDKs/iPhoneSimulator7.1.sdk/System/Library/AccessibilityBundles/CertUIFramework.axbundle> (not loaded)
2014-09-12 10:09:56.194 PG12[36799:70b] Cannot find executable for CFBundle 0xa537a70 </Applications/Xcode.app/Contents/Developer/Platforms/iPhoneSimulator.platform/Developer/SDKs/iPhoneSimulator7.1.sdk/System/Library/AccessibilityBundles/GeoServices.axbundle> (not loaded)
2014-09-12 10:09:56.741 PG12[36799:70b] Multi-tasking -> Device: YES, App: YES
2014-09-12 10:09:57.161 PG12[36799:70b] Unlimited access to network resources
2014-09-12 10:09:57.269 PG12[36799:70b] 

Started backup to iCloud! Please be careful.
Your application might rejected by Apple if you store too much data.
For more information please read "iOS Data Storage Guidelines"
You could find it at the following address https://developer.apple.com/icloud/documentation/data-storage/ .

2014-09-12 10:10:02.602 PG12[36799:70b] CDVPlugin class CDVFile (pluginName: file) does not exist.
2014-09-12 10:10:02.602 PG12[36799:70b] [CDVTimer][file] 0.621974ms
2014-09-12 10:10:02.603 PG12[36799:70b] [CDVTimer][TotalPluginStartup] 1.128972ms
objc[36827]: Class AXEmojiUtilities is implemented in both /Applications/Xcode.app/Contents/Developer/Platforms/iPhoneSimulator.platform/Developer/SDKs/iPhoneSimulator7.1.sdk/System/Library/PrivateFrameworks/AccessibilityUtilities.framework/AccessibilityUtilities and /Applications/Xcode.app/Contents/Developer/Platforms/iPhoneSimulator.platform/Developer/SDKs/iPhoneSimulator7.1.sdk/usr/lib/libAXSpeechManager.dylib. One of the two will be used. Which one is undefined.
2014-09-12 10:10:06.006 PG12[36827:70b] Cannot find executable for CFBundle 0xa775d40 </Applications/Xcode.app/Contents/Developer/Platforms/iPhoneSimulator.platform/Developer/SDKs/iPhoneSimulator7.1.sdk/System/Library/AccessibilityBundles/GeoServices.axbundle> (not loaded)
2014-09-12 10:10:06.011 PG12[36827:70b] Cannot find executable for CFBundle 0xa387b20 </Applications/Xcode.app/Contents/Developer/Platforms/iPhoneSimulator.platform/Developer/SDKs/iPhoneSimulator7.1.sdk/System/Library/AccessibilityBundles/CertUIFramework.axbundle> (not loaded)
2014-09-12 10:10:06.057 PG12[36827:70b] Multi-tasking -> Device: YES, App: YES
2014-09-12 10:10:06.064 PG12[36827:70b] Unlimited access to network resources
2014-09-12 10:10:06.066 PG12[36827:70b] 

Started backup to iCloud! Please be careful.
Your application might rejected by Apple if you store too much data.
For more information please read "iOS Data Storage Guidelines"
You could find it at the following address https://developer.apple.com/icloud/documentation/data-storage/ .

2014-09-12 10:10:06.082 PG12[36827:70b] CDVPlugin class CDVFile (pluginName: file) does not exist.
2014-09-12 10:10:06.083 PG12[36827:70b] [CDVTimer][file] 0.514030ms
2014-09-12 10:10:06.083 PG12[36827:70b] [CDVTimer][TotalPluginStartup] 0.934005ms
2014-09-12 10:10:06.293 PG12[36827:70b] Resetting plugins due to page load.
2014-09-12 10:10:11.237 PG12[36827:70b] Finished load of: file:///Users/michael/Library/Application%20Support/iPhone%20Simulator/7.1/Applications/D7951997-5FC0-4E58-8071-9BA494B459AE/PG12.app/www/index.html#/overview
2014-09-12 10:10:11.548 PG12[36827:70b] CDVPlugin class CDVFile (pluginName: File) does not exist.
2014-09-12 10:10:11.548 PG12[36827:70b] ERROR: Plugin 'File' not found, or is not a CDVPlugin. Check your plugin mapping in config.xml.
2014-09-12 10:10:11.548 PG12[36827:70b] -[CDVCommandQueue executePending] [Line 158] FAILED pluginJSON = [
  "File883325180",
  "File",
  "requestAllPaths",
  [

  ]
]
objc[46975]: Class AXEmojiUtilities is implemented in both /Applications/Xcode.app/Contents/Developer/Platforms/iPhoneSimulator.platform/Developer/SDKs/iPhoneSimulator7.1.sdk/System/Library/PrivateFrameworks/AccessibilityUtilities.framework/AccessibilityUtilities and /Applications/Xcode.app/Contents/Developer/Platforms/iPhoneSimulator.platform/Developer/SDKs/iPhoneSimulator7.1.sdk/usr/lib/libAXSpeechManager.dylib. One of the two will be used. Which one is undefined.
2014-09-12 13:43:30.414 PG12[46975:70b] Cannot find executable for CFBundle 0xa372b50 </Applications/Xcode.app/Contents/Developer/Platforms/iPhoneSimulator.platform/Developer/SDKs/iPhoneSimulator7.1.sdk/System/Library/AccessibilityBundles/GeoServices.axbundle> (not loaded)
2014-09-12 13:43:30.650 PG12[46975:70b] Cannot find executable for CFBundle 0xa372890 </Applications/Xcode.app/Contents/Developer/Platforms/iPhoneSimulator.platform/Developer/SDKs/iPhoneSimulator7.1.sdk/System/Library/AccessibilityBundles/CertUIFramework.axbundle> (not loaded)
2014-09-12 13:43:31.572 PG12[46975:70b] Multi-tasking -> Device: YES, App: YES
2014-09-12 13:43:31.685 PG12[46975:70b] Unlimited access to network resources
2014-09-12 13:43:31.801 PG12[46975:70b] 

Started backup to iCloud! Please be careful.
Your application might rejected by Apple if you store too much data.
For more information please read "iOS Data Storage Guidelines"
You could find it at the following address https://developer.apple.com/icloud/documentation/data-storage/ .

2014-09-12 13:43:32.745 PG12[46975:70b] CDVPlugin class CDVFile (pluginName: file) does not exist.
2014-09-12 13:43:32.745 PG12[46975:70b] [CDVTimer][file] 0.625014ms
2014-09-12 13:43:32.746 PG12[46975:70b] [CDVTimer][TotalPluginStartup] 1.092017ms
2014-09-12 13:43:34.216 PG12[46975:70b] Resetting plugins due to page load.
2014-09-12 13:43:35.711 PG12[46975:70b] Finished load of: file:///Users/michael/Library/Application%20Support/iPhone%20Simulator/7.1/Applications/D7951997-5FC0-4E58-8071-9BA494B459AE/PG12.app/www/index.html#/overview
2014-09-12 13:43:35.795 PG12[46975:70b] CDVPlugin class CDVFile (pluginName: File) does not exist.
2014-09-12 13:43:35.795 PG12[46975:70b] ERROR: Plugin 'File' not found, or is not a CDVPlugin. Check your plugin mapping in config.xml.
2014-09-12 13:43:35.795 PG12[46975:70b] -[CDVCommandQueue executePending] [Line 158] FAILED pluginJSON = [
  "File231773978",
  "File",
  "requestAllPaths",
  [

  ]
]
